<?xml version="1.0" encoding="UTF-8"?>
<testsuite name="TestSuit"
           tests="2"
           failures="0"
           errors="0"
           skipped="0"
           time="27.294">
  <properties />
  
  
            <testcase name="verifyProductArrangeInAlphaBaticalOrder" time="8.074" classname="com.nopcommerce.demo.testsuit.TestSuit" />
                <testcase name="verifyProductAddedToShoppingCartSuccessfully" time="19.220" classname="com.nopcommerce.demo.testsuit.TestSuit" />
      
</testsuite>
